2024.06.07 13:52:29 INFO  Started: Metals version 1.3.1 in folders '/Users/vinodh/Scala-Getting-Started' for client Visual Studio Code 1.85.1.
SLF4J(W): Class path contains multiple SLF4J providers.
SLF4J(W): Found provider [scribe.slf4j.ScribeServiceProvider@1ffe0902]
SLF4J(W): Found provider [ch.qos.logback.classic.spi.LogbackServiceProvider@6b6af9a3]
SLF4J(W): See https://www.slf4j.org/codes.html#multiple_bindings for an explanation.
SLF4J(I): Actual provider is of type [scribe.slf4j.ScribeServiceProvider@1ffe0902]
2024.06.07 13:52:31 WARN  Flyway upgrade recommended: H2 2.2.224 is newer than this version of Flyway and support has not been tested. The latest supported version of H2 is 2.2.220.
2024.06.07 13:52:32 WARN  no build tool detected in workspace '/Users/vinodh/Scala-Getting-Started'. The most common cause for this problem is that the editor was opened in the wrong working directory, for example if you use sbt then the workspace directory should contain build.sbt. 
2024.06.07 13:52:32 WARN  Build server is not auto-connectable.
2024.06.07 13:55:06 INFO  no build target found for /Users/vinodh/Scala-Getting-Started/Day5/database.scala. Using presentation compiler with project's scala-library version: 3.3.3
2024.06.07 13:55:07 INFO  no build target found for /Users/vinodh/Scala-Getting-Started/Day5/database.scala. Using presentation compiler with project's scala-library version: 3.3.3
2024.06.07 13:55:07 INFO  no build target found for /Users/vinodh/Scala-Getting-Started/Day5/database.scala. Using presentation compiler with project's scala-library version: 3.3.3
2024.06.07 13:55:08 INFO  no build target found for /Users/vinodh/Scala-Getting-Started/Day5/database.scala. Using presentation compiler with project's scala-library version: 3.3.3
2024.06.07 13:55:08 INFO  no build target found for /Users/vinodh/Scala-Getting-Started/Day5/database.scala. Using presentation compiler with project's scala-library version: 3.3.3
2024.06.07 13:55:08 INFO  no build target found for /Users/vinodh/Scala-Getting-Started/Day5/database.scala. Using presentation compiler with project's scala-library version: 3.3.3
2024.06.07 13:55:10 INFO  time: code lens generation in 2.49s
2024.06.07 13:55:22 INFO  no build target found for /Users/vinodh/Scala-Getting-Started/Day5/database.scala. Using presentation compiler with project's scala-library version: 3.3.3
2024.06.07 13:55:23 INFO  no build target found for /Users/vinodh/Scala-Getting-Started/Day5/database.scala. Using presentation compiler with project's scala-library version: 3.3.3
2024.06.07 13:56:41 INFO  no build target found for /Users/vinodh/Scala-Getting-Started/Day5/database.scala. Using presentation compiler with project's scala-library version: 3.3.3
2024.06.07 13:59:57 INFO  no build target found for /Users/vinodh/Scala-Getting-Started/Day5/database.scala. Using presentation compiler with project's scala-library version: 3.3.3
2024.06.07 15:48:07 INFO  Shutting down server
2024.06.07 15:48:07 INFO  shutting down Metals
2024.06.07 15:48:08 INFO  Exiting server
2024.06.08 23:06:29 INFO  Started: Metals version 1.3.1 in folders '/Users/vinodh/Scala-Getting-Started' for client Visual Studio Code 1.85.1.
SLF4J(W): Class path contains multiple SLF4J providers.
SLF4J(W): Found provider [scribe.slf4j.ScribeServiceProvider@7e428f26]
SLF4J(W): Found provider [ch.qos.logback.classic.spi.LogbackServiceProvider@1cef1cf4]
SLF4J(W): See https://www.slf4j.org/codes.html#multiple_bindings for an explanation.
SLF4J(I): Actual provider is of type [scribe.slf4j.ScribeServiceProvider@7e428f26]
2024.06.08 23:06:32 WARN  Flyway upgrade recommended: H2 2.2.224 is newer than this version of Flyway and support has not been tested. The latest supported version of H2 is 2.2.220.
2024.06.08 23:06:34 WARN  no build tool detected in workspace '/Users/vinodh/Scala-Getting-Started'. The most common cause for this problem is that the editor was opened in the wrong working directory, for example if you use sbt then the workspace directory should contain build.sbt. 
2024.06.08 23:06:34 WARN  Build server is not auto-connectable.
Jun 08, 2024 11:09:28 PM org.eclipse.lsp4j.jsonrpc.services.GenericEndpoint notify
INFO: Unsupported notification method: $/setTrace
Jun 08, 2024 11:09:29 PM org.eclipse.lsp4j.jsonrpc.services.GenericEndpoint notify
INFO: Unsupported notification method: $/setTrace
Jun 08, 2024 11:09:30 PM org.eclipse.lsp4j.jsonrpc.services.GenericEndpoint notify
INFO: Unsupported notification method: $/setTrace
Jun 08, 2024 11:09:31 PM org.eclipse.lsp4j.jsonrpc.services.GenericEndpoint notify
INFO: Unsupported notification method: $/setTrace
Jun 08, 2024 11:09:32 PM org.eclipse.lsp4j.jsonrpc.services.GenericEndpoint notify
INFO: Unsupported notification method: $/setTrace
